<?xml version="1.0" encoding="UTF-8"?>
<!-- Generated by org.testng.reporters.JUnitReportReporter -->
<testsuite skipped="0" hostname="Daz-2.local" name="com.daz.testAppium.phoneDialer" tests="1" failures="0" timestamp="15 Apr 2019 21:31:02 GMT" time="18.744" errors="0">
  <testcase name="f" time="18.744" classname="com.daz.testAppium.phoneDialer"/>
</testsuite> <!-- com.daz.testAppium.phoneDialer -->
