<?xml version="1.0" encoding="UTF-8"?>
<!-- Generated by org.testng.reporters.JUnitReportReporter -->
<testsuite skipped="0" hostname="Daz-2.local" name="com.daz.testAppium.SimpleAppiumTest" tests="2" failures="0" timestamp="30 Apr 2019 15:39:30 GMT" time="3.761" errors="0">
  <testcase name="sample" time="0.004" classname="com.daz.testAppium.SimpleAppiumTest"/>
  <testcase name="simpleTest" time="3.757" classname="com.daz.testAppium.SimpleAppiumTest"/>
</testsuite> <!-- com.daz.testAppium.SimpleAppiumTest -->
