<?xml version="1.0" encoding="UTF-8"?>
<!-- Generated by org.testng.reporters.JUnitReportReporter -->
<testsuite skipped="0" hostname="Daz-2.local" name="com.daz.testAppium.SimpleAppiumTest" tests="2" failures="0" timestamp="01 May 2019 10:10:18 GMT" time="3.733" errors="0">
  <testcase name="sample" time="0.000" classname="com.daz.testAppium.SimpleAppiumTest"/>
  <testcase name="simpleTest" time="3.733" classname="com.daz.testAppium.SimpleAppiumTest"/>
</testsuite> <!-- com.daz.testAppium.SimpleAppiumTest -->
